
optiboot_atmega328.elf:     file format elf32-avr

Sections:
Idx Name          Size      VMA       LMA       File off  Algn
  0 .data         00000000  00800100  00007fe0  00000274  2**0
                  CONTENTS, ALLOC, LOAD, DATA
  1 .text         000001e0  00007e00  00007e00  00000094  2**1
                  CONTENTS, ALLOC, LOAD, READONLY, CODE
  2 .version      00000002  00007ffe  00007ffe  00000274  2**0
                  CONTENTS, ALLOC, LOAD, READONLY, DATA
  3 .comment      00000011  00000000  00000000  00000276  2**0
                  CONTENTS, READONLY
  4 .debug_aranges 00000030  00000000  00000000  00000287  2**0
                  CONTENTS, READONLY, DEBUGGING
  5 .debug_info   0000066e  00000000  00000000  000002b7  2**0
                  CONTENTS, READONLY, DEBUGGING
  6 .debug_abbrev 00000269  00000000  00000000  00000925  2**0
                  CONTENTS, READONLY, DEBUGGING
  7 .debug_line   00000341  00000000  00000000  00000b8e  2**0
                  CONTENTS, READONLY, DEBUGGING
  8 .debug_frame  000000b4  00000000  00000000  00000ed0  2**2
                  CONTENTS, READONLY, DEBUGGING
  9 .debug_str    000001be  00000000  00000000  00000f84  2**0
                  CONTENTS, READONLY, DEBUGGING
 10 .debug_loc    0000040b  00000000  00000000  00001142  2**0
                  CONTENTS, READONLY, DEBUGGING
 11 .debug_ranges 00000020  00000000  00000000  0000154d  2**0
                  CONTENTS, READONLY, DEBUGGING

Disassembly of section .text:

00007e00 <pre_main>:
/* everything that needs to run VERY early */
void pre_main(void) {
  // Allow convenient way of calling do_spm function - jump table,
  //   so entry to this function will always be here, indepedent of compilation,
  //   features etc
  asm volatile (
    7e00:	01 c0       	rjmp	.+2      	; 0x7e04 <main>
    7e02:	b0 c0       	rjmp	.+352    	; 0x7f64 <do_spm>

00007e04 <main>:
  );
}


/* main program starts here */
int main(void) {
    7e04:	1f 92       	push	r1
    7e06:	cd b7       	in	r28, 0x3d	; 61
    7e08:	de b7       	in	r29, 0x3e	; 62
  //  SP points to RAMEND
  //  r1 contains zero
  //
  // If not, uncomment the following instructions:
  // cli();
  asm volatile ("clr __zero_reg__");
    7e0a:	11 24       	eor	r1, r1
   * and still skip bootloader if not necessary
   * 
   * Code by MarkG55
   * see discusion in https://github.com/Optiboot/optiboot/issues/97
   */
  ch = MCUSR;
    7e0c:	84 b7       	in	r24, 0x34	; 52
  if (ch != 0) {
    7e0e:	88 23       	and	r24, r24
    7e10:	49 f0       	breq	.+18     	; 0x7e24 <main+0x20>
    if ((ch & (_BV(WDRF) | _BV(EXTRF))) != _BV(EXTRF)) { // To run the boot loader, External Reset Flag must be set and the Watchdog Flag MUST be cleared!  Otherwise jump straight to user code.
    7e12:	98 2f       	mov	r25, r24
    7e14:	9a 70       	andi	r25, 0x0A	; 10
    7e16:	92 30       	cpi	r25, 0x02	; 2
    7e18:	29 f0       	breq	.+10     	; 0x7e24 <main+0x20>
      if (ch & _BV(EXTRF)) 
    7e1a:	81 ff       	sbrs	r24, 1
    7e1c:	02 c0       	rjmp	.+4      	; 0x7e22 <main+0x1e>
          MCUSR = ~(_BV(WDRF));  // Clear WDRF because it was actually caused by bootloader
    7e1e:	97 ef       	ldi	r25, 0xF7	; 247
    7e20:	94 bf       	out	0x34, r25	; 52
      appStart(ch);
    7e22:	d8 d0       	rcall	.+432    	; 0x7fd4 <appStart>
    }
  }
  
#if LED_START_FLASHES > 0
  // Set up Timer 1 for timeout counter
  TCCR1B = _BV(CS12) | _BV(CS10); // div 1024
    7e24:	85 e0       	ldi	r24, 0x05	; 5
    7e26:	80 93 81 00 	sts	0x0081, r24
  UCSRA = _BV(U2X); //Double speed mode USART
  UCSRB = _BV(RXEN) | _BV(TXEN);  // enable Rx & Tx
  UCSRC = _BV(URSEL) | _BV(UCSZ1) | _BV(UCSZ0);  // config USART; 8N1
  UBRRL = (uint8_t)( (F_CPU + BAUD_RATE * 4L) / (BAUD_RATE * 8L) - 1 );
#else
  UART_SRA = _BV(U2X0); //Double speed mode USART0
    7e2a:	82 e0       	ldi	r24, 0x02	; 2
    7e2c:	80 93 c0 00 	sts	0x00C0, r24
  UART_SRB = _BV(RXEN0) | _BV(TXEN0);
    7e30:	88 e1       	ldi	r24, 0x18	; 24
    7e32:	80 93 c1 00 	sts	0x00C1, r24
  UART_SRC = _BV(UCSZ00) | _BV(UCSZ01);
    7e36:	86 e0       	ldi	r24, 0x06	; 6
    7e38:	80 93 c2 00 	sts	0x00C2, r24
  UART_SRL = (uint8_t)( (F_CPU + BAUD_RATE * 4L) / (BAUD_RATE * 8L) - 1 );
    7e3c:	88 e0       	ldi	r24, 0x08	; 8
    7e3e:	80 93 c4 00 	sts	0x00C4, r24
#endif
#endif

  // Set up watchdog to trigger after 1s
  watchdogConfig(WATCHDOG_1S);
    7e42:	8e e0       	ldi	r24, 0x0E	; 14
    7e44:	b2 d0       	rcall	.+356    	; 0x7faa <watchdogConfig>

#if (LED_START_FLASHES > 0) || defined(LED_DATA_FLASH)
  /* Set LED pin as output */
  LED_DDR |= _BV(LED);
    7e46:	25 9a       	sbi	0x04, 5	; 4
    7e48:	26 e0       	ldi	r18, 0x06	; 6
}

#if LED_START_FLASHES > 0
void flash_led(uint8_t count) {
  do {
    TCNT1 = -(F_CPU/(1024*16));
    7e4a:	88 e1       	ldi	r24, 0x18	; 24
    7e4c:	9e ef       	ldi	r25, 0xFE	; 254
    TIFR1 = _BV(TOV1);
    7e4e:	31 e0       	ldi	r19, 0x01	; 1
}

#if LED_START_FLASHES > 0
void flash_led(uint8_t count) {
  do {
    TCNT1 = -(F_CPU/(1024*16));
    7e50:	90 93 85 00 	sts	0x0085, r25
    7e54:	80 93 84 00 	sts	0x0084, r24
    TIFR1 = _BV(TOV1);
    7e58:	36 bb       	out	0x16, r19	; 22
    while(!(TIFR1 & _BV(TOV1)));
    7e5a:	b0 9b       	sbis	0x16, 0	; 22
    7e5c:	fe cf       	rjmp	.-4      	; 0x7e5a <main+0x56>
#if defined(__AVR_ATmega8__)  || defined (__AVR_ATmega32__)
    LED_PORT ^= _BV(LED);
#else
    LED_PIN |= _BV(LED);
    7e5e:	1d 9a       	sbi	0x03, 5	; 3
}
#endif

// Watchdog functions. These are only safe with interrupts turned off.
void watchdogReset() {
  __asm__ __volatile__ (
    7e60:	a8 95       	wdr
    7e62:	21 50       	subi	r18, 0x01	; 1
    LED_PORT ^= _BV(LED);
#else
    LED_PIN |= _BV(LED);
#endif
    watchdogReset();
  } while (--count);
    7e64:	a9 f7       	brne	.-22     	; 0x7e50 <main+0x4c>
    7e66:	a1 2c       	mov	r10, r1
    7e68:	b1 2c       	mov	r11, r1
#endif

  /* Forever loop: exits by causing WDT reset */
  for (;;) {
    /* get character from UART */
    ch = getch();
    7e6a:	93 d0       	rcall	.+294    	; 0x7f92 <getch>

    if(ch == STK_GET_PARAMETER) {
    7e6c:	81 34       	cpi	r24, 0x41	; 65
    7e6e:	79 f4       	brne	.+30     	; 0x7e8e <main+0x8a>
      unsigned char which = getch();
    7e70:	90 d0       	rcall	.+288    	; 0x7f92 <getch>
      verifySpace();
    7e72:	89 83       	std	Y+1, r24	; 0x01
    7e74:	a0 d0       	rcall	.+320    	; 0x7fb6 <verifySpace>
      /*
       * Send optiboot version as "SW version"
       * Note that the references to memory are optimized away.
       */
      if (which == 0x82) {
    7e76:	89 81       	ldd	r24, Y+1	; 0x01
    7e78:	82 38       	cpi	r24, 0x82	; 130
    7e7a:	11 f4       	brne	.+4      	; 0x7e80 <main+0x7c>
	  putch(optiboot_version & 0xFF);
    7e7c:	82 e0       	ldi	r24, 0x02	; 2
    7e7e:	05 c0       	rjmp	.+10     	; 0x7e8a <main+0x86>
      } else if (which == 0x81) {
    7e80:	81 38       	cpi	r24, 0x81	; 129
    7e82:	11 f4       	brne	.+4      	; 0x7e88 <main+0x84>
	  putch(optiboot_version >> 8);
    7e84:	86 e0       	ldi	r24, 0x06	; 6
    7e86:	01 c0       	rjmp	.+2      	; 0x7e8a <main+0x86>
      } else {
	/*
	 * GET PARAMETER returns a generic 0x03 reply for
         * other parameters - enough to keep Avrdude happy
	 */
	putch(0x03);
    7e88:	83 e0       	ldi	r24, 0x03	; 3
    7e8a:	7c d0       	rcall	.+248    	; 0x7f84 <putch>
    7e8c:	68 c0       	rjmp	.+208    	; 0x7f5e <main+0x15a>
      }
    }
    else if(ch == STK_SET_DEVICE) {
    7e8e:	82 34       	cpi	r24, 0x42	; 66
    7e90:	11 f4       	brne	.+4      	; 0x7e96 <main+0x92>
      // SET DEVICE is ignored
      getNch(20);
    7e92:	84 e1       	ldi	r24, 0x14	; 20
    7e94:	03 c0       	rjmp	.+6      	; 0x7e9c <main+0x98>
    }
    else if(ch == STK_SET_DEVICE_EXT) {
    7e96:	85 34       	cpi	r24, 0x45	; 69
    7e98:	19 f4       	brne	.+6      	; 0x7ea0 <main+0x9c>
      // SET DEVICE EXT is ignored
      getNch(5);
    7e9a:	85 e0       	ldi	r24, 0x05	; 5
    7e9c:	94 d0       	rcall	.+296    	; 0x7fc6 <getNch>
    7e9e:	5f c0       	rjmp	.+190    	; 0x7f5e <main+0x15a>
    }
    else if(ch == STK_LOAD_ADDRESS) {
    7ea0:	85 35       	cpi	r24, 0x55	; 85
    7ea2:	41 f4       	brne	.+16     	; 0x7eb4 <main+0xb0>
      // LOAD ADDRESS
      uint16_t newAddress;
      newAddress = getch();
    7ea4:	76 d0       	rcall	.+236    	; 0x7f92 <getch>
    7ea6:	a8 2e       	mov	r10, r24
      newAddress = (newAddress & 0xff) | (getch() << 8);
    7ea8:	74 d0       	rcall	.+232    	; 0x7f92 <getch>
    7eaa:	b1 2c       	mov	r11, r1
    7eac:	b8 2a       	or	r11, r24
#ifdef RAMPZ
      // Transfer top bit to RAMPZ
      RAMPZ = (newAddress & 0x8000) ? 1 : 0;
#endif
      newAddress += newAddress; // Convert from word address to byte address
    7eae:	aa 0c       	add	r10, r10
    7eb0:	bb 1c       	adc	r11, r11
    7eb2:	54 c0       	rjmp	.+168    	; 0x7f5c <main+0x158>
      address = newAddress;
      verifySpace();
    }
    else if(ch == STK_UNIVERSAL) {
    7eb4:	86 35       	cpi	r24, 0x56	; 86
    7eb6:	21 f4       	brne	.+8      	; 0x7ec0 <main+0xbc>
      // UNIVERSAL command is ignored
      getNch(4);
    7eb8:	84 e0       	ldi	r24, 0x04	; 4
    7eba:	85 d0       	rcall	.+266    	; 0x7fc6 <getNch>
      putch(0x00);
    7ebc:	80 e0       	ldi	r24, 0x00	; 0
    7ebe:	e5 cf       	rjmp	.-54     	; 0x7e8a <main+0x86>
    }
    /* Write memory, length is big endian and is in bytes */
    else if(ch == STK_PROG_PAGE) {
    7ec0:	84 36       	cpi	r24, 0x64	; 100
    7ec2:	81 f5       	brne	.+96     	; 0x7f24 <main+0x120>
      // PROGRAM PAGE - we support flash programming only, not EEPROM
      uint8_t desttype;
      uint8_t *bufPtr;
      pagelen_t savelength;

      GETLENGTH(length);
    7ec4:	66 d0       	rcall	.+204    	; 0x7f92 <getch>
    7ec6:	65 d0       	rcall	.+202    	; 0x7f92 <getch>
    7ec8:	d8 2e       	mov	r13, r24
      savelength = length;
      desttype = getch();
    7eca:	63 d0       	rcall	.+198    	; 0x7f92 <getch>
    7ecc:	f8 2e       	mov	r15, r24
    7ece:	00 e0       	ldi	r16, 0x00	; 0
    7ed0:	11 e0       	ldi	r17, 0x01	; 1

      // read a page worth of contents
      bufPtr = buff;
      do *bufPtr++ = getch();
    7ed2:	5f d0       	rcall	.+190    	; 0x7f92 <getch>
    7ed4:	f8 01       	movw	r30, r16
    7ed6:	81 93       	st	Z+, r24
    7ed8:	8f 01       	movw	r16, r30
      while (--length);
    7eda:	de 12       	cpse	r13, r30
    7edc:	fa cf       	rjmp	.-12     	; 0x7ed2 <main+0xce>

      // Read command terminator, start reply
      verifySpace();
    7ede:	6b d0       	rcall	.+214    	; 0x7fb6 <verifySpace>
 * void writebuffer(memtype, buffer, address, length)
 */
static inline void writebuffer(int8_t memtype, uint8_t *mybuff,
			       uint16_t address, pagelen_t len)
{
    switch (memtype) {
    7ee0:	f5 e4       	ldi	r31, 0x45	; 69
    7ee2:	ff 12       	cpse	r15, r31
    7ee4:	01 c0       	rjmp	.+2      	; 0x7ee8 <main+0xe4>
    7ee6:	ff cf       	rjmp	.-2      	; 0x7ee6 <main+0xe2>
	     * Start the page erase and wait for it to finish.  There
	     * used to be code to do this while receiving the data over
	     * the serial link, but the performance improvement was slight,
	     * and we needed the space back.
	     */
	    do_spm((uint16_t)(void*)address,__BOOT_PAGE_ERASE,0);
    7ee8:	40 e0       	ldi	r20, 0x00	; 0
    7eea:	50 e0       	ldi	r21, 0x00	; 0
    7eec:	63 e0       	ldi	r22, 0x03	; 3
    7eee:	c5 01       	movw	r24, r10
    7ef0:	39 d0       	rcall	.+114    	; 0x7f64 <do_spm>
	 * space on chips that don't support any other memory types.
	 */
	{
	    // Copy buffer into programming buffer
	    uint8_t *bufPtr = mybuff;
	    uint16_t addrPtr = (uint16_t)(void*)address;
    7ef2:	75 01       	movw	r14, r10
	 * the default rather than checking for the correct code, we save
	 * space on chips that don't support any other memory types.
	 */
	{
	    // Copy buffer into programming buffer
	    uint8_t *bufPtr = mybuff;
    7ef4:	00 e0       	ldi	r16, 0x00	; 0
    7ef6:	11 e0       	ldi	r17, 0x01	; 1
	    /*
	     * Copy data from the buffer into the flash write buffer.
	     */
	    do {
		uint16_t a;
		a = *bufPtr++;
    7ef8:	f8 01       	movw	r30, r16
    7efa:	40 81       	ld	r20, Z
    7efc:	0e 5f       	subi	r16, 0xFE	; 254
    7efe:	1f 4f       	sbci	r17, 0xFF	; 255
    7f00:	31 96       	adiw	r30, 0x01	; 1
		a |= (*bufPtr++) << 8;
    7f02:	80 81       	ld	r24, Z
    7f04:	50 e0       	ldi	r21, 0x00	; 0
    7f06:	58 2b       	or	r21, r24
		do_spm((uint16_t)(void*)addrPtr,__BOOT_PAGE_FILL,a);
    7f08:	61 e0       	ldi	r22, 0x01	; 1
    7f0a:	c7 01       	movw	r24, r14
    7f0c:	2b d0       	rcall	.+86     	; 0x7f64 <do_spm>
		addrPtr += 2;
    7f0e:	f2 e0       	ldi	r31, 0x02	; 2
    7f10:	ef 0e       	add	r14, r31
    7f12:	f1 1c       	adc	r15, r1
	    } while (len -= 2);
    7f14:	d0 12       	cpse	r13, r16
    7f16:	f0 cf       	rjmp	.-32     	; 0x7ef8 <main+0xf4>

	    /*
	     * Actually Write the buffer to flash (and wait for it to finish.)
	     */
	    do_spm((uint16_t)(void*)address,__BOOT_PAGE_WRITE,0);
    7f18:	40 e0       	ldi	r20, 0x00	; 0
    7f1a:	50 e0       	ldi	r21, 0x00	; 0
    7f1c:	65 e0       	ldi	r22, 0x05	; 5
    7f1e:	c5 01       	movw	r24, r10
    7f20:	21 d0       	rcall	.+66     	; 0x7f64 <do_spm>
    7f22:	1d c0       	rjmp	.+58     	; 0x7f5e <main+0x15a>
      writebuffer(desttype, buff, address, savelength);


    }
    /* Read memory block mode, length is big endian.  */
    else if(ch == STK_READ_PAGE) {
    7f24:	84 37       	cpi	r24, 0x74	; 116
    7f26:	69 f4       	brne	.+26     	; 0x7f42 <main+0x13e>
      uint8_t desttype;
      GETLENGTH(length);
    7f28:	34 d0       	rcall	.+104    	; 0x7f92 <getch>
    7f2a:	33 d0       	rcall	.+102    	; 0x7f92 <getch>
    7f2c:	f8 2e       	mov	r15, r24

      desttype = getch();
    7f2e:	31 d0       	rcall	.+98     	; 0x7f92 <getch>

      verifySpace();
    7f30:	42 d0       	rcall	.+132    	; 0x7fb6 <verifySpace>
    7f32:	85 01       	movw	r16, r10
	    __asm__ ("elpm %0,Z+\n" : "=r" (ch), "=z" (address): "1" (address));
#else
	    // read a Flash byte and increment the address
	    __asm__ ("lpm %0,Z+\n" : "=r" (ch), "=z" (address): "1" (address));
#endif
	    putch(ch);
    7f34:	f8 01       	movw	r30, r16
    7f36:	85 91       	lpm	r24, Z+
    7f38:	8f 01       	movw	r16, r30
    7f3a:	24 d0       	rcall	.+72     	; 0x7f84 <putch>
	} while (--length);
    7f3c:	fa 94       	dec	r15
    7f3e:	d1 f7       	brne	.-12     	; 0x7f34 <main+0x130>
    7f40:	0e c0       	rjmp	.+28     	; 0x7f5e <main+0x15a>

      read_mem(desttype, address, length);
    }

    /* Get device signature bytes  */
    else if(ch == STK_READ_SIGN) {
    7f42:	85 37       	cpi	r24, 0x75	; 117
    7f44:	39 f4       	brne	.+14     	; 0x7f54 <main+0x150>
      // READ SIGN - return what Avrdude wants to hear
      verifySpace();
    7f46:	37 d0       	rcall	.+110    	; 0x7fb6 <verifySpace>
      putch(SIGNATURE_0);
    7f48:	8e e1       	ldi	r24, 0x1E	; 30
    7f4a:	1c d0       	rcall	.+56     	; 0x7f84 <putch>
      putch(SIGNATURE_1);
    7f4c:	85 e9       	ldi	r24, 0x95	; 149
    7f4e:	1a d0       	rcall	.+52     	; 0x7f84 <putch>
      putch(SIGNATURE_2);
    7f50:	8f e0       	ldi	r24, 0x0F	; 15
    7f52:	9b cf       	rjmp	.-202    	; 0x7e8a <main+0x86>
    }
    else if (ch == STK_LEAVE_PROGMODE) { /* 'Q' */
    7f54:	81 35       	cpi	r24, 0x51	; 81
    7f56:	11 f4       	brne	.+4      	; 0x7f5c <main+0x158>
      // Adaboot no-wait mod
      watchdogConfig(WATCHDOG_16MS);
    7f58:	88 e0       	ldi	r24, 0x08	; 8
    7f5a:	27 d0       	rcall	.+78     	; 0x7faa <watchdogConfig>
      verifySpace();
    }
    else {
      // This covers the response to commands like STK_ENTER_PROGMODE
      verifySpace();
    7f5c:	2c d0       	rcall	.+88     	; 0x7fb6 <verifySpace>
    }
    putch(STK_OK);
    7f5e:	80 e1       	ldi	r24, 0x10	; 16
    7f60:	11 d0       	rcall	.+34     	; 0x7f84 <putch>
  }
    7f62:	83 cf       	rjmp	.-250    	; 0x7e6a <main+0x66>

00007f64 <do_spm>:
 *   you could do fill-erase-write sequence with data!=0 in ERASE and
 *   data=0 in WRITE
 */
static void do_spm(uint16_t address, uint8_t command, uint16_t data) {
    // Do spm stuff
    asm volatile (
    7f64:	fc 01       	movw	r30, r24
    7f66:	0a 01       	movw	r0, r20
    7f68:	67 bf       	out	0x37, r22	; 55
    7f6a:	e8 95       	spm
    7f6c:	11 24       	eor	r1, r1
    );

    // wait for spm to complete
    //   it doesn't have much sense for __BOOT_PAGE_FILL,
    //   but it doesn't hurt and saves some bytes on 'if'
    boot_spm_busy_wait();
    7f6e:	07 b6       	in	r0, 0x37	; 55
    7f70:	00 fc       	sbrc	r0, 0
    7f72:	fd cf       	rjmp	.-6      	; 0x7f6e <do_spm+0xa>
#if defined(RWWSRE)
    // this 'if' condition should be: (command == __BOOT_PAGE_WRITE || command == __BOOT_PAGE_ERASE)...
    // but it's tweaked a little assuming that in every command we are interested in here, there
    // must be also SELFPRGEN set. If we skip checking this bit, we save here 4B
    if ((command & (_BV(PGWRT)|_BV(PGERS))) && (data == 0) ) {
    7f74:	66 70       	andi	r22, 0x06	; 6
    7f76:	29 f0       	breq	.+10     	; 0x7f82 <do_spm+0x1e>
    7f78:	45 2b       	or	r20, r21
    7f7a:	19 f4       	brne	.+6      	; 0x7f82 <do_spm+0x1e>
      // Reenable read access to flash
      boot_rww_enable();
    7f7c:	81 e1       	ldi	r24, 0x11	; 17
    7f7e:	87 bf       	out	0x37, r24	; 55
    7f80:	e8 95       	spm
    7f82:	08 95       	ret

00007f84 <putch>:
  }
}

void putch(char ch) {
#ifndef SOFT_UART
  while (!(UART_SRA & _BV(UDRE0)));
    7f84:	90 91 c0 00 	lds	r25, 0x00C0
    7f88:	95 ff       	sbrs	r25, 5
    7f8a:	fc cf       	rjmp	.-8      	; 0x7f84 <putch>
  UART_UDR = ch;
    7f8c:	80 93 c6 00 	sts	0x00C6, r24
    7f90:	08 95       	ret

00007f92 <getch>:
      [uartBit] "I" (UART_RX_BIT)
    :
      "r25"
);
#else
  while(!(UART_SRA & _BV(RXC0)))
    7f92:	80 91 c0 00 	lds	r24, 0x00C0
    7f96:	87 ff       	sbrs	r24, 7
    7f98:	fc cf       	rjmp	.-8      	; 0x7f92 <getch>
    ;
  if (!(UART_SRA & _BV(FE0))) {
    7f9a:	80 91 c0 00 	lds	r24, 0x00C0
    7f9e:	84 fd       	sbrc	r24, 4
    7fa0:	01 c0       	rjmp	.+2      	; 0x7fa4 <getch+0x12>
}
#endif

// Watchdog functions. These are only safe with interrupts turned off.
void watchdogReset() {
  __asm__ __volatile__ (
    7fa2:	a8 95       	wdr
       * don't care that an invalid char is returned...)
       */
    watchdogReset();
  }

  ch = UART_UDR;
    7fa4:	80 91 c6 00 	lds	r24, 0x00C6
  LED_PIN |= _BV(LED);
#endif
#endif

  return ch;
}
    7fa8:	08 95       	ret

00007faa <watchdogConfig>:
    "wdr\n"
  );
}

void watchdogConfig(uint8_t x) {
  WDTCSR = _BV(WDCE) | _BV(WDE);
    7faa:	e0 e6       	ldi	r30, 0x60	; 96
    7fac:	f0 e0       	ldi	r31, 0x00	; 0
    7fae:	98 e1       	ldi	r25, 0x18	; 24
    7fb0:	90 83       	st	Z, r25
  WDTCSR = x;
    7fb2:	80 83       	st	Z, r24
    7fb4:	08 95       	ret

00007fb6 <verifySpace>:
  do getch(); while (--count);
  verifySpace();
}

void verifySpace() {
  if (getch() != CRC_EOP) {
    7fb6:	ed df       	rcall	.-38     	; 0x7f92 <getch>
    7fb8:	80 32       	cpi	r24, 0x20	; 32
    7fba:	19 f0       	breq	.+6      	; 0x7fc2 <verifySpace+0xc>
    watchdogConfig(WATCHDOG_16MS);    // shorten WD timeout
    7fbc:	88 e0       	ldi	r24, 0x08	; 8
    7fbe:	f5 df       	rcall	.-22     	; 0x7faa <watchdogConfig>
    7fc0:	ff cf       	rjmp	.-2      	; 0x7fc0 <verifySpace+0xa>
    while (1)			      // and busy-loop so that WD causes
      ;				      //  a reset and app start.
  }
  putch(STK_INSYNC);
    7fc2:	84 e1       	ldi	r24, 0x14	; 20
    7fc4:	df cf       	rjmp	.-66     	; 0x7f84 <putch>

00007fc6 <getNch>:
    ::[count] "M" (UART_B_VALUE)
  );
}
#endif

void getNch(uint8_t count) {
    7fc6:	cf 93       	push	r28
    7fc8:	c8 2f       	mov	r28, r24
  do getch(); while (--count);
    7fca:	e3 df       	rcall	.-58     	; 0x7f92 <getch>
    7fcc:	c1 50       	subi	r28, 0x01	; 1
    7fce:	e9 f7       	brne	.-6      	; 0x7fca <getNch+0x4>
  verifySpace();
}
    7fd0:	cf 91       	pop	r28
}
#endif

void getNch(uint8_t count) {
  do getch(); while (--count);
  verifySpace();
    7fd2:	f1 cf       	rjmp	.-30     	; 0x7fb6 <verifySpace>

00007fd4 <appStart>:

void appStart(uint8_t rstFlags) {
  // save the reset flags in the designated register
  //  This can be saved in a main program by putting code in .init0 (which
  //  executes before normal c init code) to save R2 to a global variable.
  __asm__ __volatile__ ("mov r2, %0\n" :: "r" (rstFlags));
    7fd4:	28 2e       	mov	r2, r24

  watchdogConfig(WATCHDOG_OFF);
    7fd6:	80 e0       	ldi	r24, 0x00	; 0
    7fd8:	e8 df       	rcall	.-48     	; 0x7faa <watchdogConfig>
  // Note that appstart_vec is defined so that this works with either
  // real or virtual boot partitions.
  __asm__ __volatile__ (
    7fda:	e0 e0       	ldi	r30, 0x00	; 0
    7fdc:	ff 27       	eor	r31, r31
    7fde:	09 94       	ijmp
